<?xml version="1.0" encoding="UTF-8"?><testrun duration="2361" footerText="Generated by IntelliJ IDEA on 5/11/17 6:12 PM" name="DataDaoTest">
    <count name="total" value="4"/>
    <count name="passed" value="4"/>
    <config nameIsGenerated="true" configId="JUnit" name="DataDaoTest">
        <extension name="coverage" enabled="false" merge="false" sample_coverage="true" runner="idea">
            <pattern>
                <option name="PATTERN" value="me.anenkov.fbpageanalyzer.dao.*"/>
                <option name="ENABLED" value="true"/>
            </pattern>
        </extension>
        <module name="facebook-page-analyzer"/>
        <option name="ALTERNATIVE_JRE_PATH_ENABLED" value="false"/>
        <option name="ALTERNATIVE_JRE_PATH"/>
        <option name="PACKAGE_NAME" value="me.anenkov.fbpageanalyzer.dao"/>
        <option name="MAIN_CLASS_NAME" value="me.anenkov.fbpageanalyzer.dao.DataDaoTest"/>
        <option name="METHOD_NAME"/>
        <option name="TEST_OBJECT" value="class"/>
        <option name="VM_PARAMETERS" value="-ea"/>
        <option name="PARAMETERS"/>
        <option name="WORKING_DIRECTORY" value="$MODULE_DIR$"/>
        <option name="ENV_VARIABLES"/>
        <option name="PASS_PARENT_ENVS" value="true"/>
        <option name="TEST_SEARCH_SCOPE">
            <value defaultName="singleModule"/>
        </option>
        <envs/>
        <patterns/>
    </config>
    <root name="DataDaoTest" comment="me.anenkov.fbpageanalyzer.dao" location="java:suite://me.anenkov.fbpageanalyzer.dao.DataDaoTest">
        <output type="stdout">/usr/lib/jvm/java-8-openjdk-amd64/bin/java -ea -javaagent:/opt/idea-IU-171.4073.35/lib/coverage-agent.jar=/tmp/coverage1123args -Didea.test.cyclic.buffer.size=1048576 -javaagent:/opt/idea-IU-171.4073.35/lib/idea_rt.jar=35934:/opt/idea-IU-171.4073.35/bin -Dfile.encoding=UTF-8 -classpath /opt/idea-IU-171.4073.35/lib/idea_rt.jar:/opt/idea-IU-171.4073.35/plugins/junit/lib/junit-rt.jar:/usr/lib/jvm/java-8-openjdk-amd64/jre/lib/charsets.jar:/usr/lib/jvm/java-8-openjdk-amd64/jre/lib/ext/cldrdata.jar:/usr/lib/jvm/java-8-openjdk-amd64/jre/lib/ext/dnsns.jar:/usr/lib/jvm/java-8-openjdk-amd64/jre/lib/ext/icedtea-sound.jar:/usr/lib/jvm/java-8-openjdk-amd64/jre/lib/ext/jaccess.jar:/usr/lib/jvm/java-8-openjdk-amd64/jre/lib/ext/localedata.jar:/usr/lib/jvm/java-8-openjdk-amd64/jre/lib/ext/nashorn.jar:/usr/lib/jvm/java-8-openjdk-amd64/jre/lib/ext/sunec.jar:/usr/lib/jvm/java-8-openjdk-amd64/jre/lib/ext/sunjce_provider.jar:/usr/lib/jvm/java-8-openjdk-amd64/jre/lib/ext/sunpkcs11.jar:/usr/lib/jvm/java-8-openjdk-amd64/jre/lib/ext/zipfs.jar:/usr/lib/jvm/java-8-openjdk-amd64/jre/lib/jce.jar:/usr/lib/jvm/java-8-openjdk-amd64/jre/lib/jsse.jar:/usr/lib/jvm/java-8-openjdk-amd64/jre/lib/management-agent.jar:/usr/lib/jvm/java-8-openjdk-amd64/jre/lib/resources.jar:/usr/lib/jvm/java-8-openjdk-amd64/jre/lib/rt.jar:/home/anenkov/IdeaProjects/facebook-page-analyzer/target/test-classes:/home/anenkov/IdeaProjects/facebook-page-analyzer/target/classes:/home/anenkov/.m2/repository/org/springframework/boot/spring-boot-starter-web/1.5.3.RELEASE/spring-boot-starter-web-1.5.3.RELEASE.jar:/home/anenkov/.m2/repository/org/springframework/boot/spring-boot-starter/1.5.3.RELEASE/spring-boot-starter-1.5.3.RELEASE.jar:/home/anenkov/.m2/repository/org/springframework/boot/spring-boot/1.5.3.RELEASE/spring-boot-1.5.3.RELEASE.jar:/home/anenkov/.m2/repository/org/springframework/boot/spring-boot-autoconfigure/1.5.3.RELEASE/spring-boot-autoconfigure-1.5.3.RELEASE.jar:/home/anenkov/.m2/repository/org/springframework/boot/spring-boot-starter-logging/1.5.3.RELEASE/spring-boot-starter-logging-1.5.3.RELEASE.jar:/home/anenkov/.m2/repository/ch/qos/logback/logback-classic/1.1.11/logback-classic-1.1.11.jar:/home/anenkov/.m2/repository/ch/qos/logback/logback-core/1.1.11/logback-core-1.1.11.jar:/home/anenkov/.m2/repository/org/slf4j/jul-to-slf4j/1.7.25/jul-to-slf4j-1.7.25.jar:/home/anenkov/.m2/repository/org/slf4j/log4j-over-slf4j/1.7.25/log4j-over-slf4j-1.7.25.jar:/home/anenkov/.m2/repository/org/yaml/snakeyaml/1.17/snakeyaml-1.17.jar:/home/anenkov/.m2/repository/org/springframework/boot/spring-boot-starter-tomcat/1.5.3.RELEASE/spring-boot-starter-tomcat-1.5.3.RELEASE.jar:/home/anenkov/.m2/repository/org/apache/tomcat/embed/tomcat-embed-core/8.5.14/tomcat-embed-core-8.5.14.jar:/home/anenkov/.m2/repository/org/apache/tomcat/embed/tomcat-embed-el/8.5.14/tomcat-embed-el-8.5.14.jar:/home/anenkov/.m2/repository/org/apache/tomcat/embed/tomcat-embed-websocket/8.5.14/tomcat-embed-websocket-8.5.14.jar:/home/anenkov/.m2/repository/org/hibernate/hibernate-validator/5.3.5.Final/hibernate-validator-5.3.5.Final.jar:/home/anenkov/.m2/repository/javax/validation/validation-api/1.1.0.Final/validation-api-1.1.0.Final.jar:/home/anenkov/.m2/repository/org/jboss/logging/jboss-logging/3.3.1.Final/jboss-logging-3.3.1.Final.jar:/home/anenkov/.m2/repository/com/fasterxml/classmate/1.3.3/classmate-1.3.3.jar:/home/anenkov/.m2/repository/com/fasterxml/jackson/core/jackson-databind/2.8.8/jackson-databind-2.8.8.jar:/home/anenkov/.m2/repository/org/springframework/spring-web/4.3.8.RELEASE/spring-web-4.3.8.RELEASE.jar:/home/anenkov/.m2/repository/org/springframework/spring-beans/4.3.8.RELEASE/spring-beans-4.3.8.RELEASE.jar:/home/anenkov/.m2/repository/org/springframework/spring-context/4.3.8.RELEASE/spring-context-4.3.8.RELEASE.jar:/home/anenkov/.m2/repository/org/springframework/spring-webmvc/4.3.8.RELEASE/spring-webmvc-4.3.8.RELEASE.jar:/home/anenkov/.m2/repository/org/springframework/spring-expression/4.3.8.RELEASE/spring-expression-4.3.8.RELEASE.jar:/home/anenkov/.m2/repository/org/springframework/boot/spring-boot-starter-actuator/1.5.3.RELEASE/spring-boot-starter-actuator-1.5.3.RELEASE.jar:/home/anenkov/.m2/repository/org/springframework/boot/spring-boot-actuator/1.5.3.RELEASE/spring-boot-actuator-1.5.3.RELEASE.jar:/home/anenkov/.m2/repository/org/springframework/boot/spring-boot-starter-data-jpa/1.5.3.RELEASE/spring-boot-starter-data-jpa-1.5.3.RELEASE.jar:/home/anenkov/.m2/repository/org/springframework/boot/spring-boot-starter-aop/1.5.3.RELEASE/spring-boot-starter-aop-1.5.3.RELEASE.jar:/home/anenkov/.m2/repository/org/aspectj/aspectjweaver/1.8.10/aspectjweaver-1.8.10.jar:/home/anenkov/.m2/repository/org/springframework/boot/spring-boot-starter-jdbc/1.5.3.RELEASE/spring-boot-starter-jdbc-1.5.3.RELEASE.jar:/home/anenkov/.m2/repository/org/apache/tomcat/tomcat-jdbc/8.5.14/tomcat-jdbc-8.5.14.jar:/home/anenkov/.m2/repository/org/apache/tomcat/tomcat-juli/8.5.14/tomcat-juli-8.5.14.jar:/home/anenkov/.m2/repository/org/springframework/spring-jdbc/4.3.8.RELEASE/spring-jdbc-4.3.8.RELEASE.jar:/home/anenkov/.m2/repository/org/hibernate/hibernate-core/5.0.12.Final/hibernate-core-5.0.12.Final.jar:/home/anenkov/.m2/repository/org/hibernate/javax/persistence/hibernate-jpa-2.1-api/1.0.0.Final/hibernate-jpa-2.1-api-1.0.0.Final.jar:/home/anenkov/.m2/repository/org/javassist/javassist/3.21.0-GA/javassist-3.21.0-GA.jar:/home/anenkov/.m2/repository/antlr/antlr/2.7.7/antlr-2.7.7.jar:/home/anenkov/.m2/repository/org/jboss/jandex/2.0.0.Final/jandex-2.0.0.Final.jar:/home/anenkov/.m2/repository/dom4j/dom4j/1.6.1/dom4j-1.6.1.jar:/home/anenkov/.m2/repository/org/hibernate/common/hibernate-commons-annotations/5.0.1.Final/hibernate-commons-annotations-5.0.1.Final.jar:/home/anenkov/.m2/repository/org/hibernate/hibernate-entitymanager/5.0.12.Final/hibernate-entitymanager-5.0.12.Final.jar:/home/anenkov/.m2/repository/javax/transaction/javax.transaction-api/1.2/javax.transaction-api-1.2.jar:/home/anenkov/.m2/repository/org/springframework/data/spring-data-jpa/1.11.3.RELEASE/spring-data-jpa-1.11.3.RELEASE.jar:/home/anenkov/.m2/repository/org/springframework/data/spring-data-commons/1.13.3.RELEASE/spring-data-commons-1.13.3.RELEASE.jar:/home/anenkov/.m2/repository/org/springframework/spring-orm/4.3.8.RELEASE/spring-orm-4.3.8.RELEASE.jar:/home/anenkov/.m2/repository/org/springframework/spring-tx/4.3.8.RELEASE/spring-tx-4.3.8.RELEASE.jar:/home/anenkov/.m2/repository/org/slf4j/slf4j-api/1.7.25/slf4j-api-1.7.25.jar:/home/anenkov/.m2/repository/org/slf4j/jcl-over-slf4j/1.7.25/jcl-over-slf4j-1.7.25.jar:/home/anenkov/.m2/repository/org/springframework/spring-aspects/4.3.8.RELEASE/spring-aspects-4.3.8.RELEASE.jar:/home/anenkov/.m2/repository/org/springframework/boot/spring-boot-starter-security/1.5.3.RELEASE/spring-boot-starter-security-1.5.3.RELEASE.jar:/home/anenkov/.m2/repository/org/springframework/spring-aop/4.3.8.RELEASE/spring-aop-4.3.8.RELEASE.jar:/home/anenkov/.m2/repository/org/springframework/security/spring-security-config/4.2.2.RELEASE/spring-security-config-4.2.2.RELEASE.jar:/home/anenkov/.m2/repository/org/springframework/security/spring-security-core/4.2.2.RELEASE/spring-security-core-4.2.2.RELEASE.jar:/home/anenkov/.m2/repository/org/springframework/security/spring-security-web/4.2.2.RELEASE/spring-security-web-4.2.2.RELEASE.jar:/home/anenkov/.m2/repository/org/springframework/boot/spring-boot-starter-thymeleaf/1.5.3.RELEASE/spring-boot-starter-thymeleaf-1.5.3.RELEASE.jar:/home/anenkov/.m2/repository/org/thymeleaf/thymeleaf-spring4/2.1.5.RELEASE/thymeleaf-spring4-2.1.5.RELEASE.jar:/home/anenkov/.m2/repository/org/thymeleaf/thymeleaf/2.1.5.RELEASE/thymeleaf-2.1.5.RELEASE.jar:/home/anenkov/.m2/repository/ognl/ognl/3.0.8/ognl-3.0.8.jar:/home/anenkov/.m2/repository/org/unbescape/unbescape/1.1.0.RELEASE/unbescape-1.1.0.RELEASE.jar:/home/anenkov/.m2/repository/nz/net/ultraq/thymeleaf/thymeleaf-layout-dialect/1.4.0/thymeleaf-layout-dialect-1.4.0.jar:/home/anenkov/.m2/repository/org/codehaus/groovy/groovy/2.4.10/groovy-2.4.10.jar:/home/anenkov/.m2/repository/org/springframework/boot/spring-boot-starter-test/1.5.3.RELEASE/spring-boot-starter-test-1.5.3.RELEASE.jar:/home/anenkov/.m2/repository/org/springframework/boot/spring-boot-test/1.5.3.RELEASE/spring-boot-test-1.5.3.RELEASE.jar:/home/anenkov/.m2/repository/org/springframework/boot/spring-boot-test-autoconfigure/1.5.3.RELEASE/spring-boot-test-autoconfigure-1.5.3.RELEASE.jar:/home/anenkov/.m2/repository/com/jayway/jsonpath/json-path/2.2.0/json-path-2.2.0.jar:/home/anenkov/.m2/repository/net/minidev/json-smart/2.2.1/json-smart-2.2.1.jar:/home/anenkov/.m2/repository/net/minidev/accessors-smart/1.1/accessors-smart-1.1.jar:/home/anenkov/.m2/repository/org/ow2/asm/asm/5.0.3/asm-5.0.3.jar:/home/anenkov/.m2/repository/junit/junit/4.12/junit-4.12.jar:/home/anenkov/.m2/repository/org/assertj/assertj-core/2.6.0/assertj-core-2.6.0.jar:/home/anenkov/.m2/repository/org/hamcrest/hamcrest-core/1.3/hamcrest-core-1.3.jar:/home/anenkov/.m2/repository/org/hamcrest/hamcrest-library/1.3/hamcrest-library-1.3.jar:/home/anenkov/.m2/repository/org/skyscreamer/jsonassert/1.4.0/jsonassert-1.4.0.jar:/home/anenkov/.m2/repository/org/springframework/spring-core/4.3.8.RELEASE/spring-core-4.3.8.RELEASE.jar:/home/anenkov/.m2/repository/org/springframework/spring-test/4.3.8.RELEASE/spring-test-4.3.8.RELEASE.jar:/home/anenkov/.m2/repository/org/springframework/social/spring-social-security/1.1.4.RELEASE/spring-social-security-1.1.4.RELEASE.jar:/home/anenkov/.m2/repository/org/springframework/social/spring-social-web/1.1.4.RELEASE/spring-social-web-1.1.4.RELEASE.jar:/home/anenkov/.m2/repository/javax/inject/javax.inject/1/javax.inject-1.jar:/home/anenkov/.m2/repository/org/springframework/social/spring-social-core/1.1.4.RELEASE/spring-social-core-1.1.4.RELEASE.jar:/home/anenkov/.m2/repository/org/springframework/social/spring-social-config/1.1.4.RELEASE/spring-social-config-1.1.4.RELEASE.jar:/home/anenkov/.m2/repository/org/springframework/social/spring-social-facebook/2.0.3.RELEASE/spring-social-facebook-2.0.3.RELEASE.jar:/home/anenkov/.m2/repository/com/fasterxml/jackson/core/jackson-core/2.8.8/jackson-core-2.8.8.jar:/home/anenkov/.m2/repository/com/fasterxml/jackson/core/jackson-annotations/2.8.0/jackson-annotations-2.8.0.jar:/home/anenkov/.m2/repository/mysql/mysql-connector-java/5.1.39/mysql-connector-java-5.1.39.jar:/home/anenkov/.m2/repository/org/springframework/boot/spring-boot-configuration-processor/1.5.3.RELEASE/spring-boot-configuration-processor-1.5.3.RELEASE.jar:/home/anenkov/.m2/repository/com/vaadin/external/google/android-json/0.0.20131108.vaadin1/android-json-0.0.20131108.vaadin1.jar:/home/anenkov/.m2/repository/org/mockito/mockito-core/2.7.22/mockito-core-2.7.22.jar:/home/anenkov/.m2/repository/net/bytebuddy/byte-buddy/1.6.11/byte-buddy-1.6.11.jar:/home/anenkov/.m2/repository/net/bytebuddy/byte-buddy-agent/1.6.11/byte-buddy-agent-1.6.11.jar:/home/anenkov/.m2/repository/org/objenesis/objenesis/2.5/objenesis-2.5.jar com.intellij.rt.execution.junit.JUnitStarter -ideVersion5 me.anenkov.fbpageanalyzer.dao.DataDaoTest
</output>
        <output type="stdout">---- IntelliJ IDEA coverage runner ---- 
sampling ...
include patterns:
me\.anenkov\.fbpageanalyzer\.dao\..*
exclude patterns:
</output>
        <output type="stdout">Process finished with exit code 0
</output>
    </root>
    <test duration="2240" locationUrl="java:test://me.anenkov.fbpageanalyzer.dao.DataDaoTest.whenDataNotExistsReturnEmpty" name="DataDaoTest.whenDataNotExistsReturnEmpty" status="passed"/>
    <test duration="19" locationUrl="java:test://me.anenkov.fbpageanalyzer.dao.DataDaoTest.whenUserExistsUpdateData" name="DataDaoTest.whenUserExistsUpdateData" status="passed">
        <output type="stdout">18:11:29.812 [main] DEBUG me.anenkov.fbpageanalyzer.dao.DataDao - SQL UPDATE ON: 1234, data = 
</output>
    </test>
    <test duration="1" locationUrl="java:test://me.anenkov.fbpageanalyzer.dao.DataDaoTest.whenUserNotExistsInsertData" name="DataDaoTest.whenUserNotExistsInsertData" status="passed">
        <output type="stdout">18:11:29.825 [main] DEBUG me.anenkov.fbpageanalyzer.dao.DataDao - SQL INSERT ON: 1234, data = 
</output>
    </test>
    <test duration="101" locationUrl="java:test://me.anenkov.fbpageanalyzer.dao.DataDaoTest.whenDataExistsReturnIt" name="DataDaoTest.whenDataExistsReturnIt" status="passed"/>
</testrun>
